 
****************************************
Report : power
        -analysis_effort low
Design : fma_32bit
Version: Q-2019.12-SP4
Date   : Mon Feb  2 22:18:29 2026
****************************************


Library(s) Used:

    sky130_fd_sc_hd__tt_025C_1v80 (File: /Business/EDA_xq_company/wangyipeng/kexin/sky130_fd_sc_hd__tt_025C_1v80.db)


Operating Conditions: tt_025C_1v80   Library: sky130_fd_sc_hd__tt_025C_1v80
Wire Load Model Mode: top

Design        Wire Load Model            Library
------------------------------------------------
fma_32bit              Small             sky130_fd_sc_hd__tt_025C_1v80


Global Operating Voltage = 1.8  
Power-specific unit information :
    Voltage Units = 1V
    Capacitance Units = 1.000000pf
    Time Units = 1ns
    Dynamic Power Units = 1mW    (derived from V,C,T units)
    Leakage Power Units = 1nW


  Cell Internal Power  =  20.1539 mW    (6%)
  Net Switching Power  = 293.2830 mW   (94%)
                         ---------
Total Dynamic Power    = 313.4369 mW  (100%)

Cell Leakage Power     =  15.1690 nW

Information: report_power power group summary does not include estimated clock tree power. (PWR-789)

                 Internal         Switching           Leakage            Total
Power Group      Power            Power               Power              Power   (   %    )  Attrs
--------------------------------------------------------------------------------------------------
io_pad             0.0000            0.0000            0.0000            0.0000  (   0.00%)
memory             0.0000            0.0000            0.0000            0.0000  (   0.00%)
black_box          0.0000            0.0000            0.0000            0.0000  (   0.00%)
clock_network      0.0000            0.0000            0.0000            0.0000  (   0.00%)
register           0.0000            0.0000            0.0000            0.0000  (   0.00%)
sequential         0.0000            0.0000            0.0000            0.0000  (   0.00%)
combinational     20.1539          293.2829           15.1690          313.4366  ( 100.00%)
--------------------------------------------------------------------------------------------------
Total             20.1539 mW       293.2829 mW        15.1690 nW       313.4366 mW
1
