 
****************************************
Report : area
Design : fma_32bit_variants
Version: Q-2019.12-SP4
Date   : Mon Feb  2 22:19:25 2026
****************************************

Information: Updating design information... (UID-85)
Library(s) Used:

    sky130_fd_sc_hd__tt_025C_1v80 (File: /Business/EDA_xq_company/wangyipeng/kexin/sky130_fd_sc_hd__tt_025C_1v80.db)

Number of ports:                          416
Number of nets:                          5808
Number of cells:                         4705
Number of combinational cells:           4705
Number of sequential cells:                 0
Number of macros/black boxes:               0
Number of buf/inv:                        705
Number of references:                      37

Combinational area:              41938.972014
Buf/Inv area:                     4344.166423
Noncombinational area:               0.000000
Macro/Black Box area:                0.000000
Net Interconnect area:      undefined  (Wire load has zero net area)

Total cell area:                 41938.972014
Total area:                 undefined
1
