 
****************************************
Report : power
        -analysis_effort low
Design : fma_32bit
Version: Q-2019.12-SP4
Date   : Mon Feb  2 22:23:07 2026
****************************************


Library(s) Used:

    sky130_fd_sc_hd__tt_025C_1v80 (File: /Business/EDA_xq_company/wangyipeng/kexin/sky130_fd_sc_hd__tt_025C_1v80.db)


Operating Conditions: tt_025C_1v80   Library: sky130_fd_sc_hd__tt_025C_1v80
Wire Load Model Mode: top

Design        Wire Load Model            Library
------------------------------------------------
fma_32bit              Small             sky130_fd_sc_hd__tt_025C_1v80


Global Operating Voltage = 1.8  
Power-specific unit information :
    Voltage Units = 1V
    Capacitance Units = 1.000000pf
    Time Units = 1ns
    Dynamic Power Units = 1mW    (derived from V,C,T units)
    Leakage Power Units = 1nW


  Cell Internal Power  =  26.6302 mW    (8%)
  Net Switching Power  = 293.8929 mW   (92%)
                         ---------
Total Dynamic Power    = 320.5230 mW  (100%)

Cell Leakage Power     =  18.8589 nW

Information: report_power power group summary does not include estimated clock tree power. (PWR-789)

                 Internal         Switching           Leakage            Total
Power Group      Power            Power               Power              Power   (   %    )  Attrs
--------------------------------------------------------------------------------------------------
io_pad             0.0000            0.0000            0.0000            0.0000  (   0.00%)
memory             0.0000            0.0000            0.0000            0.0000  (   0.00%)
black_box          0.0000            0.0000            0.0000            0.0000  (   0.00%)
clock_network      0.0000            0.0000            0.0000            0.0000  (   0.00%)
register           0.0000            0.0000            0.0000            0.0000  (   0.00%)
sequential         0.0000            0.0000            0.0000            0.0000  (   0.00%)
combinational     26.6302          293.8932           18.8589          320.5226  ( 100.00%)
--------------------------------------------------------------------------------------------------
Total             26.6302 mW       293.8932 mW        18.8589 nW       320.5226 mW
1
