 
****************************************
Report : area
Design : fma_32bit
Version: Q-2019.12-SP4
Date   : Mon Feb  2 22:23:07 2026
****************************************

Information: Updating design information... (UID-85)
Library(s) Used:

    sky130_fd_sc_hd__tt_025C_1v80 (File: /Business/EDA_xq_company/wangyipeng/kexin/sky130_fd_sc_hd__tt_025C_1v80.db)

Number of ports:                          416
Number of nets:                          6153
Number of cells:                         5167
Number of combinational cells:           5167
Number of sequential cells:                 0
Number of macros/black boxes:               0
Number of buf/inv:                        580
Number of references:                      47

Combinational area:              46502.098245
Buf/Inv area:                     4237.814396
Noncombinational area:               0.000000
Macro/Black Box area:                0.000000
Net Interconnect area:      undefined  (Wire load has zero net area)

Total cell area:                 46502.098245
Total area:                 undefined
1
