 
****************************************
Report : timing
        -path full
        -delay max
        -max_paths 3
Design : fma_32bit_variants
Version: Q-2019.12-SP4
Date   : Mon Feb  2 22:06:51 2026
****************************************

Operating Conditions: tt_025C_1v80   Library: sky130_fd_sc_hd__tt_025C_1v80
Wire Load Model Mode: top

  Startpoint: a[2] (input port)
  Endpoint: y2[63] (output port)
  Path Group: default
  Path Type: max

  Des/Clust/Port     Wire Load Model       Library
  ------------------------------------------------
  fma_32bit_variants Small                 sky130_fd_sc_hd__tt_025C_1v80

  Point                                                   Incr       Path
  --------------------------------------------------------------------------
  input external delay                                    0.00       0.00 f
  a[2] (in)                                               0.00       0.00 f
  U334/Y (sky130_fd_sc_hd__clkinv_1)                      0.38       0.38 r
  U909/Y (sky130_fd_sc_hd__o22ai_1)                       0.21       0.60 f
  U456/Y (sky130_fd_sc_hd__nor2_1)                        1.13       1.73 r
  U22/Y (sky130_fd_sc_hd__clkinv_1)                       0.30       2.03 f
  U1557/Y (sky130_fd_sc_hd__nand2_1)                      0.13       2.17 r
  U1558/Y (sky130_fd_sc_hd__o21ai_1)                      0.21       2.37 f
  U2430/Y (sky130_fd_sc_hd__o22ai_1)                      0.17       2.55 r
  U2432/Y (sky130_fd_sc_hd__nor2_1)                       0.09       2.64 f
  U2433/Y (sky130_fd_sc_hd__xnor2_1)                      0.16       2.79 f
  intadd_0/U58/COUT (sky130_fd_sc_hd__fa_1)               0.45       3.24 f
  intadd_0/U57/COUT (sky130_fd_sc_hd__fa_1)               0.39       3.63 f
  intadd_0/U56/COUT (sky130_fd_sc_hd__fa_1)               0.39       4.02 f
  intadd_0/U55/COUT (sky130_fd_sc_hd__fa_1)               0.39       4.41 f
  intadd_0/U54/COUT (sky130_fd_sc_hd__fa_1)               0.39       4.80 f
  intadd_0/U53/COUT (sky130_fd_sc_hd__fa_1)               0.39       5.19 f
  intadd_0/U52/COUT (sky130_fd_sc_hd__fa_1)               0.39       5.59 f
  intadd_0/U51/COUT (sky130_fd_sc_hd__fa_1)               0.39       5.98 f
  intadd_0/U50/COUT (sky130_fd_sc_hd__fa_1)               0.39       6.37 f
  intadd_0/U49/COUT (sky130_fd_sc_hd__fa_1)               0.39       6.76 f
  intadd_0/U48/COUT (sky130_fd_sc_hd__fa_1)               0.39       7.15 f
  intadd_0/U47/COUT (sky130_fd_sc_hd__fa_1)               0.39       7.54 f
  intadd_0/U46/COUT (sky130_fd_sc_hd__fa_1)               0.39       7.93 f
  intadd_0/U45/COUT (sky130_fd_sc_hd__fa_1)               0.39       8.33 f
  intadd_0/U44/COUT (sky130_fd_sc_hd__fa_1)               0.39       8.72 f
  intadd_0/U43/COUT (sky130_fd_sc_hd__fa_1)               0.39       9.11 f
  intadd_0/U42/COUT (sky130_fd_sc_hd__fa_1)               0.39       9.50 f
  intadd_0/U41/COUT (sky130_fd_sc_hd__fa_1)               0.39       9.89 f
  intadd_0/U40/COUT (sky130_fd_sc_hd__fa_1)               0.39      10.28 f
  intadd_0/U39/COUT (sky130_fd_sc_hd__fa_1)               0.39      10.67 f
  intadd_0/U38/COUT (sky130_fd_sc_hd__fa_1)               0.39      11.07 f
  intadd_0/U37/COUT (sky130_fd_sc_hd__fa_1)               0.39      11.46 f
  intadd_0/U36/COUT (sky130_fd_sc_hd__fa_1)               0.39      11.85 f
  intadd_0/U35/COUT (sky130_fd_sc_hd__fa_1)               0.39      12.24 f
  intadd_0/U34/COUT (sky130_fd_sc_hd__fa_1)               0.39      12.63 f
  intadd_0/U33/COUT (sky130_fd_sc_hd__fa_1)               0.39      13.02 f
  intadd_0/U32/SUM (sky130_fd_sc_hd__fa_1)                0.45      13.47 f
  U113/Y (sky130_fd_sc_hd__clkinv_1)                      0.08      13.54 r
  intadd_2/U2/COUT (sky130_fd_sc_hd__fa_1)                0.17      13.72 r
  U51/Y (sky130_fd_sc_hd__clkinv_1)                       0.08      13.80 f
  intadd_0/U31/COUT (sky130_fd_sc_hd__fa_1)               0.41      14.21 f
  intadd_0/U30/COUT (sky130_fd_sc_hd__fa_1)               0.39      14.60 f
  intadd_0/U29/COUT (sky130_fd_sc_hd__fa_1)               0.39      14.99 f
  intadd_0/U28/COUT (sky130_fd_sc_hd__fa_1)               0.39      15.39 f
  intadd_0/U27/COUT (sky130_fd_sc_hd__fa_1)               0.39      15.78 f
  intadd_0/U26/COUT (sky130_fd_sc_hd__fa_1)               0.39      16.17 f
  intadd_0/U25/COUT (sky130_fd_sc_hd__fa_1)               0.39      16.56 f
  intadd_0/U24/COUT (sky130_fd_sc_hd__fa_1)               0.39      16.95 f
  intadd_0/U23/COUT (sky130_fd_sc_hd__fa_1)               0.39      17.34 f
  intadd_0/U22/COUT (sky130_fd_sc_hd__fa_1)               0.39      17.73 f
  intadd_0/U21/COUT (sky130_fd_sc_hd__fa_1)               0.39      18.13 f
  intadd_0/U20/COUT (sky130_fd_sc_hd__fa_1)               0.39      18.52 f
  intadd_0/U19/COUT (sky130_fd_sc_hd__fa_1)               0.39      18.91 f
  intadd_0/U18/COUT (sky130_fd_sc_hd__fa_1)               0.39      19.30 f
  intadd_0/U17/COUT (sky130_fd_sc_hd__fa_1)               0.39      19.69 f
  intadd_0/U16/COUT (sky130_fd_sc_hd__fa_1)               0.39      20.08 f
  intadd_0/U15/COUT (sky130_fd_sc_hd__fa_1)               0.39      20.47 f
  intadd_0/U14/COUT (sky130_fd_sc_hd__fa_1)               0.39      20.87 f
  intadd_0/U13/COUT (sky130_fd_sc_hd__fa_1)               0.39      21.26 f
  intadd_0/U12/COUT (sky130_fd_sc_hd__fa_1)               0.39      21.65 f
  intadd_0/U11/COUT (sky130_fd_sc_hd__fa_1)               0.39      22.04 f
  intadd_0/U10/COUT (sky130_fd_sc_hd__fa_1)               0.39      22.43 f
  intadd_0/U9/COUT (sky130_fd_sc_hd__fa_1)                0.39      22.82 f
  intadd_0/U8/COUT (sky130_fd_sc_hd__fa_1)                0.39      23.21 f
  intadd_0/U7/COUT (sky130_fd_sc_hd__fa_1)                0.39      23.60 f
  intadd_0/U6/COUT (sky130_fd_sc_hd__fa_1)                0.39      24.00 f
  intadd_0/U5/COUT (sky130_fd_sc_hd__fa_1)                0.39      24.39 f
  intadd_0/U4/COUT (sky130_fd_sc_hd__fa_1)                0.39      24.78 f
  intadd_0/U3/COUT (sky130_fd_sc_hd__fa_1)                0.39      25.17 f
  intadd_0/U2/COUT (sky130_fd_sc_hd__fa_1)                0.39      25.56 f
  U1100/Y (sky130_fd_sc_hd__xnor2_1)                      0.15      25.71 f
  U1102/Y (sky130_fd_sc_hd__xnor2_1)                      0.19      25.90 r
  U834/X (sky130_fd_sc_hd__xor2_1)                        0.17      26.08 f
  U835/Y (sky130_fd_sc_hd__inv_8)                         1.11      27.19 r
  U795/X (sky130_fd_sc_hd__xor2_1)                        0.36      27.54 f
  U796/Y (sky130_fd_sc_hd__inv_8)                         1.18      28.73 r
  y2[63] (out)                                            1.73      30.46 r
  data arrival time                                                 30.46

  max_delay                                             100.00     100.00
  output external delay                                   0.00     100.00
  data required time                                               100.00
  --------------------------------------------------------------------------
  data required time                                               100.00
  data arrival time                                                -30.46
  --------------------------------------------------------------------------
  slack (MET)                                                       69.54


  Startpoint: a[2] (input port)
  Endpoint: y2[62] (output port)
  Path Group: default
  Path Type: max

  Des/Clust/Port     Wire Load Model       Library
  ------------------------------------------------
  fma_32bit_variants Small                 sky130_fd_sc_hd__tt_025C_1v80

  Point                                                   Incr       Path
  --------------------------------------------------------------------------
  input external delay                                    0.00       0.00 f
  a[2] (in)                                               0.00       0.00 f
  U334/Y (sky130_fd_sc_hd__clkinv_1)                      0.38       0.38 r
  U909/Y (sky130_fd_sc_hd__o22ai_1)                       0.21       0.60 f
  U456/Y (sky130_fd_sc_hd__nor2_1)                        1.13       1.73 r
  U22/Y (sky130_fd_sc_hd__clkinv_1)                       0.30       2.03 f
  U1557/Y (sky130_fd_sc_hd__nand2_1)                      0.13       2.17 r
  U1558/Y (sky130_fd_sc_hd__o21ai_1)                      0.21       2.37 f
  U2430/Y (sky130_fd_sc_hd__o22ai_1)                      0.17       2.55 r
  U2432/Y (sky130_fd_sc_hd__nor2_1)                       0.09       2.64 f
  U2433/Y (sky130_fd_sc_hd__xnor2_1)                      0.16       2.79 f
  intadd_0/U58/COUT (sky130_fd_sc_hd__fa_1)               0.45       3.24 f
  intadd_0/U57/COUT (sky130_fd_sc_hd__fa_1)               0.39       3.63 f
  intadd_0/U56/COUT (sky130_fd_sc_hd__fa_1)               0.39       4.02 f
  intadd_0/U55/COUT (sky130_fd_sc_hd__fa_1)               0.39       4.41 f
  intadd_0/U54/COUT (sky130_fd_sc_hd__fa_1)               0.39       4.80 f
  intadd_0/U53/COUT (sky130_fd_sc_hd__fa_1)               0.39       5.19 f
  intadd_0/U52/COUT (sky130_fd_sc_hd__fa_1)               0.39       5.59 f
  intadd_0/U51/COUT (sky130_fd_sc_hd__fa_1)               0.39       5.98 f
  intadd_0/U50/COUT (sky130_fd_sc_hd__fa_1)               0.39       6.37 f
  intadd_0/U49/COUT (sky130_fd_sc_hd__fa_1)               0.39       6.76 f
  intadd_0/U48/COUT (sky130_fd_sc_hd__fa_1)               0.39       7.15 f
  intadd_0/U47/COUT (sky130_fd_sc_hd__fa_1)               0.39       7.54 f
  intadd_0/U46/COUT (sky130_fd_sc_hd__fa_1)               0.39       7.93 f
  intadd_0/U45/COUT (sky130_fd_sc_hd__fa_1)               0.39       8.33 f
  intadd_0/U44/COUT (sky130_fd_sc_hd__fa_1)               0.39       8.72 f
  intadd_0/U43/COUT (sky130_fd_sc_hd__fa_1)               0.39       9.11 f
  intadd_0/U42/COUT (sky130_fd_sc_hd__fa_1)               0.39       9.50 f
  intadd_0/U41/COUT (sky130_fd_sc_hd__fa_1)               0.39       9.89 f
  intadd_0/U40/COUT (sky130_fd_sc_hd__fa_1)               0.39      10.28 f
  intadd_0/U39/COUT (sky130_fd_sc_hd__fa_1)               0.39      10.67 f
  intadd_0/U38/COUT (sky130_fd_sc_hd__fa_1)               0.39      11.07 f
  intadd_0/U37/COUT (sky130_fd_sc_hd__fa_1)               0.39      11.46 f
  intadd_0/U36/COUT (sky130_fd_sc_hd__fa_1)               0.39      11.85 f
  intadd_0/U35/COUT (sky130_fd_sc_hd__fa_1)               0.39      12.24 f
  intadd_0/U34/COUT (sky130_fd_sc_hd__fa_1)               0.39      12.63 f
  intadd_0/U33/COUT (sky130_fd_sc_hd__fa_1)               0.39      13.02 f
  intadd_0/U32/SUM (sky130_fd_sc_hd__fa_1)                0.45      13.47 f
  U113/Y (sky130_fd_sc_hd__clkinv_1)                      0.08      13.54 r
  intadd_2/U2/COUT (sky130_fd_sc_hd__fa_1)                0.17      13.72 r
  U51/Y (sky130_fd_sc_hd__clkinv_1)                       0.08      13.80 f
  intadd_0/U31/COUT (sky130_fd_sc_hd__fa_1)               0.41      14.21 f
  intadd_0/U30/COUT (sky130_fd_sc_hd__fa_1)               0.39      14.60 f
  intadd_0/U29/COUT (sky130_fd_sc_hd__fa_1)               0.39      14.99 f
  intadd_0/U28/COUT (sky130_fd_sc_hd__fa_1)               0.39      15.39 f
  intadd_0/U27/COUT (sky130_fd_sc_hd__fa_1)               0.39      15.78 f
  intadd_0/U26/COUT (sky130_fd_sc_hd__fa_1)               0.39      16.17 f
  intadd_0/U25/COUT (sky130_fd_sc_hd__fa_1)               0.39      16.56 f
  intadd_0/U24/COUT (sky130_fd_sc_hd__fa_1)               0.39      16.95 f
  intadd_0/U23/COUT (sky130_fd_sc_hd__fa_1)               0.39      17.34 f
  intadd_0/U22/COUT (sky130_fd_sc_hd__fa_1)               0.39      17.73 f
  intadd_0/U21/COUT (sky130_fd_sc_hd__fa_1)               0.39      18.13 f
  intadd_0/U20/COUT (sky130_fd_sc_hd__fa_1)               0.39      18.52 f
  intadd_0/U19/COUT (sky130_fd_sc_hd__fa_1)               0.39      18.91 f
  intadd_0/U18/COUT (sky130_fd_sc_hd__fa_1)               0.39      19.30 f
  intadd_0/U17/COUT (sky130_fd_sc_hd__fa_1)               0.39      19.69 f
  intadd_0/U16/COUT (sky130_fd_sc_hd__fa_1)               0.39      20.08 f
  intadd_0/U15/COUT (sky130_fd_sc_hd__fa_1)               0.39      20.47 f
  intadd_0/U14/COUT (sky130_fd_sc_hd__fa_1)               0.39      20.87 f
  intadd_0/U13/COUT (sky130_fd_sc_hd__fa_1)               0.39      21.26 f
  intadd_0/U12/COUT (sky130_fd_sc_hd__fa_1)               0.39      21.65 f
  intadd_0/U11/COUT (sky130_fd_sc_hd__fa_1)               0.39      22.04 f
  intadd_0/U10/COUT (sky130_fd_sc_hd__fa_1)               0.39      22.43 f
  intadd_0/U9/COUT (sky130_fd_sc_hd__fa_1)                0.39      22.82 f
  intadd_0/U8/COUT (sky130_fd_sc_hd__fa_1)                0.39      23.21 f
  intadd_0/U7/COUT (sky130_fd_sc_hd__fa_1)                0.39      23.60 f
  intadd_0/U6/COUT (sky130_fd_sc_hd__fa_1)                0.39      24.00 f
  intadd_0/U5/COUT (sky130_fd_sc_hd__fa_1)                0.39      24.39 f
  intadd_0/U4/COUT (sky130_fd_sc_hd__fa_1)                0.39      24.78 f
  intadd_0/U3/COUT (sky130_fd_sc_hd__fa_1)                0.39      25.17 f
  intadd_0/U2/SUM (sky130_fd_sc_hd__fa_1)                 0.50      25.67 r
  U36/Y (sky130_fd_sc_hd__clkinv_1)                       0.15      25.82 f
  U724/Y (sky130_fd_sc_hd__inv_8)                         1.11      26.93 r
  U590/Y (sky130_fd_sc_hd__o21ai_1)                       0.39      27.32 f
  U671/Y (sky130_fd_sc_hd__inv_8)                         1.19      28.50 r
  y2[62] (out)                                            1.73      30.24 r
  data arrival time                                                 30.24

  max_delay                                             100.00     100.00
  output external delay                                   0.00     100.00
  data required time                                               100.00
  --------------------------------------------------------------------------
  data required time                                               100.00
  data arrival time                                                -30.24
  --------------------------------------------------------------------------
  slack (MET)                                                       69.76


  Startpoint: b[0] (input port)
  Endpoint: y1[63] (output port)
  Path Group: default
  Path Type: max

  Des/Clust/Port     Wire Load Model       Library
  ------------------------------------------------
  fma_32bit_variants Small                 sky130_fd_sc_hd__tt_025C_1v80

  Point                                                   Incr       Path
  --------------------------------------------------------------------------
  input external delay                                    0.00       0.00 f
  b[0] (in)                                               0.00       0.00 f
  U381/Y (sky130_fd_sc_hd__clkinv_1)                      0.06       0.06 r
  U1103/Y (sky130_fd_sc_hd__nor2_1)                       0.06       0.11 f
  U4136/COUT (sky130_fd_sc_hd__fa_1)                      0.38       0.49 f
  intadd_4/U30/SUM (sky130_fd_sc_hd__fa_1)                0.49       0.99 f
  U437/Y (sky130_fd_sc_hd__clkinv_1)                      0.42       1.41 r
  U2635/Y (sky130_fd_sc_hd__a21oi_1)                      0.18       1.59 f
  U4164/COUT (sky130_fd_sc_hd__fa_1)                      0.50       2.09 f
  U4163/COUT (sky130_fd_sc_hd__fa_1)                      0.39       2.48 f
  U4162/COUT (sky130_fd_sc_hd__fa_1)                      0.39       2.87 f
  U4161/COUT (sky130_fd_sc_hd__fa_1)                      0.39       3.26 f
  U4160/COUT (sky130_fd_sc_hd__fa_1)                      0.39       3.65 f
  U4159/COUT (sky130_fd_sc_hd__fa_1)                      0.39       4.05 f
  U4158/COUT (sky130_fd_sc_hd__fa_1)                      0.39       4.44 f
  U4157/COUT (sky130_fd_sc_hd__fa_1)                      0.39       4.83 f
  U4156/COUT (sky130_fd_sc_hd__fa_1)                      0.39       5.22 f
  U4155/COUT (sky130_fd_sc_hd__fa_1)                      0.39       5.61 f
  U4154/COUT (sky130_fd_sc_hd__fa_1)                      0.39       6.00 f
  U4153/COUT (sky130_fd_sc_hd__fa_1)                      0.39       6.39 f
  U4152/COUT (sky130_fd_sc_hd__fa_1)                      0.39       6.79 f
  U4151/COUT (sky130_fd_sc_hd__fa_1)                      0.39       7.18 f
  U4150/COUT (sky130_fd_sc_hd__fa_1)                      0.39       7.57 f
  U4149/COUT (sky130_fd_sc_hd__fa_1)                      0.39       7.96 f
  U4148/COUT (sky130_fd_sc_hd__fa_1)                      0.39       8.35 f
  U4147/COUT (sky130_fd_sc_hd__fa_1)                      0.39       8.74 f
  U4146/COUT (sky130_fd_sc_hd__fa_1)                      0.39       9.13 f
  U4145/COUT (sky130_fd_sc_hd__fa_1)                      0.39       9.53 f
  U4144/COUT (sky130_fd_sc_hd__fa_1)                      0.39       9.92 f
  U4143/COUT (sky130_fd_sc_hd__fa_1)                      0.39      10.31 f
  U4142/COUT (sky130_fd_sc_hd__fa_1)                      0.39      10.70 f
  U4141/COUT (sky130_fd_sc_hd__fa_1)                      0.39      11.09 f
  U4140/COUT (sky130_fd_sc_hd__fa_1)                      0.39      11.48 f
  U4139/COUT (sky130_fd_sc_hd__fa_1)                      0.39      11.87 f
  U4138/COUT (sky130_fd_sc_hd__fa_1)                      0.39      12.26 f
  U4137/COUT (sky130_fd_sc_hd__fa_1)                      0.39      12.66 f
  U4165/COUT (sky130_fd_sc_hd__fa_1)                      0.43      13.09 f
  U974/Y (sky130_fd_sc_hd__nor2_1)                        0.44      13.52 r
  U975/Y (sky130_fd_sc_hd__a21oi_1)                       0.11      13.63 f
  U976/Y (sky130_fd_sc_hd__xnor2_1)                       0.56      14.19 r
  U3951/Y (sky130_fd_sc_hd__o22ai_1)                      0.18      14.37 f
  U3952/Y (sky130_fd_sc_hd__o21ai_1)                      0.16      14.54 r
  U3953/Y (sky130_fd_sc_hd__o31ai_1)                      0.11      14.64 f
  intadd_1/U22/COUT (sky130_fd_sc_hd__fa_1)               0.42      15.06 f
  intadd_1/U21/COUT (sky130_fd_sc_hd__fa_1)               0.39      15.45 f
  intadd_1/U20/COUT (sky130_fd_sc_hd__fa_1)               0.39      15.85 f
  intadd_1/U19/COUT (sky130_fd_sc_hd__fa_1)               0.39      16.24 f
  intadd_1/U18/COUT (sky130_fd_sc_hd__fa_1)               0.39      16.63 f
  intadd_1/U17/COUT (sky130_fd_sc_hd__fa_1)               0.39      17.02 f
  intadd_1/U16/COUT (sky130_fd_sc_hd__fa_1)               0.39      17.41 f
  intadd_1/U15/COUT (sky130_fd_sc_hd__fa_1)               0.39      17.80 f
  intadd_1/U14/COUT (sky130_fd_sc_hd__fa_1)               0.39      18.19 f
  intadd_1/U13/COUT (sky130_fd_sc_hd__fa_1)               0.39      18.59 f
  intadd_1/U12/COUT (sky130_fd_sc_hd__fa_1)               0.39      18.98 f
  intadd_1/U11/COUT (sky130_fd_sc_hd__fa_1)               0.39      19.37 f
  intadd_1/U10/COUT (sky130_fd_sc_hd__fa_1)               0.39      19.76 f
  intadd_1/U9/COUT (sky130_fd_sc_hd__fa_1)                0.39      20.15 f
  intadd_1/U8/COUT (sky130_fd_sc_hd__fa_1)                0.39      20.54 f
  intadd_1/U7/COUT (sky130_fd_sc_hd__fa_1)                0.39      20.93 f
  intadd_1/U6/COUT (sky130_fd_sc_hd__fa_1)                0.39      21.32 f
  intadd_1/U5/COUT (sky130_fd_sc_hd__fa_1)                0.39      21.72 f
  intadd_1/U4/COUT (sky130_fd_sc_hd__fa_1)                0.39      22.11 f
  intadd_1/U3/COUT (sky130_fd_sc_hd__fa_1)                0.39      22.50 f
  intadd_1/U2/COUT (sky130_fd_sc_hd__fa_1)                0.38      22.88 f
  U901/Y (sky130_fd_sc_hd__clkinv_1)                      0.07      22.95 r
  U1016/COUT (sky130_fd_sc_hd__fa_1)                      0.20      23.15 r
  intadd_31/U2/COUT (sky130_fd_sc_hd__fa_1)               0.19      23.33 r
  U478/Y (sky130_fd_sc_hd__clkinv_1)                      0.08      23.41 f
  intadd_26/U8/COUT (sky130_fd_sc_hd__fa_1)               0.41      23.83 f
  intadd_26/U7/COUT (sky130_fd_sc_hd__fa_1)               0.39      24.22 f
  intadd_26/U6/COUT (sky130_fd_sc_hd__fa_1)               0.39      24.61 f
  intadd_26/U5/COUT (sky130_fd_sc_hd__fa_1)               0.39      25.00 f
  intadd_26/U4/COUT (sky130_fd_sc_hd__fa_1)               0.39      25.39 f
  intadd_26/U3/COUT (sky130_fd_sc_hd__fa_1)               0.39      25.78 f
  intadd_26/U2/COUT (sky130_fd_sc_hd__fa_1)               0.38      26.16 f
  U491/Y (sky130_fd_sc_hd__clkinv_1)                      0.07      26.23 r
  U996/COUT (sky130_fd_sc_hd__fa_1)                       0.18      26.42 r
  U995/X (sky130_fd_sc_hd__xor2_1)                        0.18      26.60 r
  U829/X (sky130_fd_sc_hd__xor2_1)                        0.17      26.77 f
  U830/Y (sky130_fd_sc_hd__inv_8)                         1.11      27.87 r
  y1[63] (out)                                            1.73      29.61 r
  data arrival time                                                 29.61

  max_delay                                             100.00     100.00
  output external delay                                   0.00     100.00
  data required time                                               100.00
  --------------------------------------------------------------------------
  data required time                                               100.00
  data arrival time                                                -29.61
  --------------------------------------------------------------------------
  slack (MET)                                                       70.39


1
