 
****************************************
Report : power
        -analysis_effort low
Design : fma_32bit_variants
Version: Q-2019.12-SP4
Date   : Mon Feb  2 22:06:51 2026
****************************************


Library(s) Used:

    sky130_fd_sc_hd__tt_025C_1v80 (File: /Business/EDA_xq_company/wangyipeng/kexin/sky130_fd_sc_hd__tt_025C_1v80.db)


Operating Conditions: tt_025C_1v80   Library: sky130_fd_sc_hd__tt_025C_1v80
Wire Load Model Mode: top

Design        Wire Load Model            Library
------------------------------------------------
fma_32bit_variants     Small             sky130_fd_sc_hd__tt_025C_1v80


Global Operating Voltage = 1.8  
Power-specific unit information :
    Voltage Units = 1V
    Capacitance Units = 1.000000pf
    Time Units = 1ns
    Dynamic Power Units = 1mW    (derived from V,C,T units)
    Leakage Power Units = 1nW


  Cell Internal Power  =  21.3993 mW    (7%)
  Net Switching Power  = 293.9348 mW   (93%)
                         ---------
Total Dynamic Power    = 315.3342 mW  (100%)

Cell Leakage Power     =  13.8212 nW

Information: report_power power group summary does not include estimated clock tree power. (PWR-789)

                 Internal         Switching           Leakage            Total
Power Group      Power            Power               Power              Power   (   %    )  Attrs
--------------------------------------------------------------------------------------------------
io_pad             0.0000            0.0000            0.0000            0.0000  (   0.00%)
memory             0.0000            0.0000            0.0000            0.0000  (   0.00%)
black_box          0.0000            0.0000            0.0000            0.0000  (   0.00%)
clock_network      0.0000            0.0000            0.0000            0.0000  (   0.00%)
register           0.0000            0.0000            0.0000            0.0000  (   0.00%)
sequential         0.0000            0.0000            0.0000            0.0000  (   0.00%)
combinational     21.3994          293.9360           13.8212          315.3346  ( 100.00%)
--------------------------------------------------------------------------------------------------
Total             21.3994 mW       293.9360 mW        13.8212 nW       315.3346 mW
1
