 
****************************************
Report : area
Design : fma_32bit
Version: Q-2019.12-SP4
Date   : Mon Feb  2 22:17:31 2026
****************************************

Information: Updating design information... (UID-85)
Library(s) Used:

    sky130_fd_sc_hd__tt_025C_1v80 (File: /Business/EDA_xq_company/wangyipeng/kexin/sky130_fd_sc_hd__tt_025C_1v80.db)

Number of ports:                          416
Number of nets:                          5726
Number of cells:                         4623
Number of combinational cells:           4623
Number of sequential cells:                 0
Number of macros/black boxes:               0
Number of buf/inv:                        693
Number of references:                      38

Combinational area:              41587.384823
Buf/Inv area:                     4291.616026
Noncombinational area:               0.000000
Macro/Black Box area:                0.000000
Net Interconnect area:      undefined  (Wire load has zero net area)

Total cell area:                 41587.384823
Total area:                 undefined
1
